<?xml version="1.0" encoding="UTF-8"?>
<!-- Generated by org.testng.reporters.JUnitXMLReporter -->
<testsuite hostname="Mehul_Jain" ignored="0" name="Test" tests="3" failures="1" timestamp="27 Jul 2020 05:05:33 GMT" time="13.771" errors="0">
  <testcase name="checkResposeBody" time="0.07" classname="testPackage.TC001_Get_User"/>
  <testcase name="checkResponseBody" time="0.0" classname="testPackage.TC002_Post_User"/>
  <testcase name="checkResponseBody" time="0.0" classname="testPackage.TC003_Delete_User">
    <failure type="java.lang.AssertionError" message="expected [true] but found [false]">
      <![CDATA[java.lang.AssertionError: expected [true] but found [false]
at testPackage.TC003_Delete_User.checkResponseBody(TC003_Delete_User.java:44)
... Removed 29 stack frames]]>
    </failure>
  </testcase> <!-- checkResponseBody -->
</testsuite> <!-- Test -->
