<?xml version="1.0" encoding="UTF-8"?>
<!-- Generated by org.testng.reporters.JUnitXMLReporter -->
<testsuite hostname="Mehul_Jain" ignored="0" name="GoRestAPITest" tests="17" failures="1" timestamp="27 Jul 2020 05:17:02 GMT" time="14.637" errors="0">
  <testcase name="checkContentEncoding" time="0.016" classname="testPackage.TC001_Get_User"/>
  <testcase name="checkContentType" time="0.015" classname="testPackage.TC001_Get_User"/>
  <testcase name="checkResposeBody" time="0.016" classname="testPackage.TC001_Get_User"/>
  <testcase name="checkServer" time="0.0" classname="testPackage.TC001_Get_User"/>
  <testcase name="checkStatusCode" time="0.0" classname="testPackage.TC001_Get_User"/>
  <testcase name="checkStatusLine" time="0.0" classname="testPackage.TC001_Get_User"/>
  <testcase name="checkContentType" time="0.0" classname="testPackage.TC002_Post_User"/>
  <testcase name="checkResponseBody" time="0.0" classname="testPackage.TC002_Post_User"/>
  <testcase name="checkServer" time="0.0" classname="testPackage.TC002_Post_User"/>
  <testcase name="checkStatusCode" time="0.0" classname="testPackage.TC002_Post_User"/>
  <testcase name="checkStatusLine" time="0.0" classname="testPackage.TC002_Post_User"/>
  <testcase name="checkContentEncoding" time="0.0" classname="testPackage.TC003_Delete_User"/>
  <testcase name="checkContentType" time="0.0" classname="testPackage.TC003_Delete_User"/>
  <testcase name="checkResponseBody" time="0.0" classname="testPackage.TC003_Delete_User">
    <failure type="java.lang.AssertionError" message="expected [true] but found [false]">
      <![CDATA[java.lang.AssertionError: expected [true] but found [false]
at testPackage.TC003_Delete_User.checkResponseBody(TC003_Delete_User.java:44)
... Removed 29 stack frames]]>
    </failure>
  </testcase> <!-- checkResponseBody -->
  <testcase name="checkServer" time="0.0" classname="testPackage.TC003_Delete_User"/>
  <testcase name="checkStatusCode" time="0.016" classname="testPackage.TC003_Delete_User"/>
  <testcase name="checkStatusLine" time="0.0" classname="testPackage.TC003_Delete_User"/>
</testsuite> <!-- GoRestAPITest -->
